<?xml version="1.0" encoding="UTF-8"?>
<testsuite name="com.snapdiet.controller.TokenApiControllerTest" tests="1" skipped="0" failures="0" errors="0" timestamp="2024-09-29T09:30:42" hostname="DESKTOP-R253K7F" time="1.632">
  <properties/>
  <testcase name="createNewAccessToken: 새로운 액세스 토큰을 발급한다." classname="com.snapdiet.controller.TokenApiControllerTest" time="1.632"/>
  <system-out><![CDATA[18:30:34.881 [Test worker] DEBUG org.springframework.boot.test.context.SpringBootTestContextBootstrapper - Neither @ContextConfiguration nor @ContextHierarchy found for test class [TokenApiControllerTest]: using SpringBootContextLoader
18:30:34.888 [Test worker] DEBUG org.springframework.test.context.support.AbstractContextLoader - Could not detect default resource locations for test class [com.snapdiet.controller.TokenApiControllerTest]: no resource found for suffixes {-context.xml, Context.groovy}.
18:30:34.889 [Test worker] INFO org.springframework.test.context.support.AnnotationConfigContextLoaderUtils - Could not detect default configuration classes for test class [com.snapdiet.controller.TokenApiControllerTest]: TokenApiControllerTest does not declare any static, non-private, non-final, nested classes annotated with @Configuration.
18:30:34.937 [Test worker] DEBUG org.springframework.boot.test.context.SpringBootTestContextBootstrapper - Using ContextCustomizers for test class [TokenApiControllerTest]: [DisableObservabilityContextCustomizer, PropertyMappingContextCustomizer, Customizer, ImportsContextCustomizer, ExcludeFilterContextCustomizer, DuplicateJsonObjectContextCustomizer, MockitoContextCustomizer, TestRestTemplateContextCustomizer]
18:30:35.054 [Test worker] DEBUG org.springframework.context.annotation.ClassPathScanningCandidateComponentProvider - Identified candidate component class: file [E:\Code\Develop\snapdiet-be\build\classes\java\main\com\snapdiet\Snapdiet.class]
18:30:35.055 [Test worker] INFO org.springframework.boot.test.context.SpringBootTestContextBootstrapper - Found @SpringBootConfiguration com.snapdiet.Snapdiet for test class com.snapdiet.controller.TokenApiControllerTest
18:30:35.185 [Test worker] DEBUG org.springframework.boot.test.context.SpringBootTestContextBootstrapper - Using TestExecutionListeners for test class [TokenApiControllerTest]: [ServletTestExecutionListener, DirtiesContextBeforeModesTestExecutionListener, ApplicationEventsTestExecutionListener, MockitoTestExecutionListener, DependencyInjectionTestExecutionListener, DirtiesContextTestExecutionListener, TransactionalTestExecutionListener, SqlScriptsTestExecutionListener, WithSecurityContextTestExecutionListener, EventPublishingTestExecutionListener, ReactorContextTestExecutionListener, RestDocsTestExecutionListener, MockRestServiceServerResetTestExecutionListener, MockMvcPrintOnlyOnFailureTestExecutionListener, WebDriverTestExecutionListener, MockWebServiceServerTestExecutionListener, ResetMocksTestExecutionListener]
18:30:35.186 [Test worker] DEBUG org.springframework.test.context.support.AbstractDirtiesContextTestExecutionListener - Before test class: class [TokenApiControllerTest], class annotated with @DirtiesContext [false] with mode [null]

  .   ____          _            __ _ _
 /\\ / ___'_ __ _ _(_)_ __  __ _ \ \ \ \
( ( )\___ | '_ | '_| | '_ \/ _` | \ \ \ \
 \\/  ___)| |_)| | | | | || (_| |  ) ) ) )
  '  |____| .__|_| |_|_| |_\__, | / / / /
 =========|_|==============|___/=/_/_/_/
 :: Spring Boot ::                (v3.0.2)

2024-09-29T18:30:35.605+09:00  INFO 13532 --- [    Test worker] c.s.controller.TokenApiControllerTest    : Starting TokenApiControllerTest using Java 18.0.2 with PID 13532 (started by wjdan in E:\Code\Develop\snapdiet-be)
2024-09-29T18:30:35.607+09:00  INFO 13532 --- [    Test worker] c.s.controller.TokenApiControllerTest    : No active profile set, falling back to 1 default profile: "default"
2024-09-29T18:30:36.620+09:00  INFO 13532 --- [    Test worker] .s.d.r.c.RepositoryConfigurationDelegate : Bootstrapping Spring Data JPA repositories in DEFAULT mode.
2024-09-29T18:30:36.732+09:00  INFO 13532 --- [    Test worker] .s.d.r.c.RepositoryConfigurationDelegate : Finished Spring Data repository scanning in 99 ms. Found 3 JPA repository interfaces.
2024-09-29T18:30:37.592+09:00  INFO 13532 --- [    Test worker] o.hibernate.jpa.internal.util.LogHelper  : HHH000204: Processing PersistenceUnitInfo [name: default]
2024-09-29T18:30:37.681+09:00  INFO 13532 --- [    Test worker] org.hibernate.Version                    : HHH000412: Hibernate ORM core version 6.1.6.Final
2024-09-29T18:30:37.927+09:00  WARN 13532 --- [    Test worker] org.hibernate.orm.deprecation            : HHH90000021: Encountered deprecated setting [javax.persistence.sharedCache.mode], use [jakarta.persistence.sharedCache.mode] instead
2024-09-29T18:30:38.104+09:00  INFO 13532 --- [    Test worker] com.zaxxer.hikari.HikariDataSource       : HikariPool-1 - Starting...
2024-09-29T18:30:38.921+09:00  INFO 13532 --- [    Test worker] com.zaxxer.hikari.pool.HikariPool        : HikariPool-1 - Added connection com.mysql.cj.jdbc.ConnectionImpl@279c4e3b
2024-09-29T18:30:38.925+09:00  INFO 13532 --- [    Test worker] com.zaxxer.hikari.HikariDataSource       : HikariPool-1 - Start completed.
2024-09-29T18:30:39.083+09:00  INFO 13532 --- [    Test worker] SQL dialect                              : HHH000400: Using dialect: org.hibernate.dialect.MySQLDialect
Hibernate: create table refresh_token (id bigint not null auto_increment, refresh_token varchar(255) not null, user_id bigint not null, primary key (id)) engine=InnoDB
Hibernate: alter table refresh_token drop index UK_f95ixxe7pa48ryn1awmh2evt7
Hibernate: alter table refresh_token add constraint UK_f95ixxe7pa48ryn1awmh2evt7 unique (user_id)
2024-09-29T18:30:40.659+09:00  INFO 13532 --- [    Test worker] o.h.e.t.j.p.i.JtaPlatformInitiator       : HHH000490: Using JtaPlatform implementation: [org.hibernate.engine.transaction.jta.platform.internal.NoJtaPlatform]
2024-09-29T18:30:40.671+09:00  INFO 13532 --- [    Test worker] j.LocalContainerEntityManagerFactoryBean : Initialized JPA EntityManagerFactory for persistence unit 'default'
2024-09-29T18:30:41.479+09:00  WARN 13532 --- [    Test worker] JpaBaseConfiguration$JpaWebConfiguration : spring.jpa.open-in-view is enabled by default. Therefore, database queries may be performed during view rendering. Explicitly configure spring.jpa.open-in-view to disable this warning
2024-09-29T18:30:42.020+09:00  INFO 13532 --- [    Test worker] o.s.s.web.DefaultSecurityFilterChain     : Will secure any request with [org.springframework.security.web.session.DisableEncodeUrlFilter@35b38986, org.springframework.security.web.context.request.async.WebAsyncManagerIntegrationFilter@1c000c2f, org.springframework.security.web.context.SecurityContextHolderFilter@372e972d, org.springframework.security.web.header.HeaderWriterFilter@53945f9c, org.springframework.security.web.authentication.logout.LogoutFilter@6d514259, org.springframework.security.web.authentication.UsernamePasswordAuthenticationFilter@1fa77770, org.springframework.security.web.savedrequest.RequestCacheAwareFilter@54d9b23a, org.springframework.security.web.servletapi.SecurityContextHolderAwareRequestFilter@15ae31b, org.springframework.security.web.authentication.AnonymousAuthenticationFilter@2c7ac998, org.springframework.security.web.access.ExceptionTranslationFilter@58cd6088, org.springframework.security.web.access.intercept.FilterSecurityInterceptor@6ff87203]
2024-09-29T18:30:42.690+09:00  INFO 13532 --- [    Test worker] o.s.b.t.m.w.SpringBootMockServletContext : Initializing Spring TestDispatcherServlet ''
2024-09-29T18:30:42.691+09:00  INFO 13532 --- [    Test worker] o.s.t.web.servlet.TestDispatcherServlet  : Initializing Servlet ''
2024-09-29T18:30:42.693+09:00  INFO 13532 --- [    Test worker] o.s.t.web.servlet.TestDispatcherServlet  : Completed initialization in 2 ms
2024-09-29T18:30:42.735+09:00  INFO 13532 --- [    Test worker] c.s.controller.TokenApiControllerTest    : Started TokenApiControllerTest in 7.493 seconds (process running for 9.093)
2024-09-29T18:30:42.972+09:00  INFO 13532 --- [    Test worker] o.s.b.t.m.w.SpringBootMockServletContext : Initializing Spring TestDispatcherServlet ''
2024-09-29T18:30:42.973+09:00  INFO 13532 --- [    Test worker] o.s.t.web.servlet.TestDispatcherServlet  : Initializing Servlet ''
2024-09-29T18:30:42.973+09:00  INFO 13532 --- [    Test worker] o.s.t.web.servlet.TestDispatcherServlet  : Completed initialization in 0 ms
Hibernate: select u1_0.id,u1_0.email,u1_0.password from users u1_0
Hibernate: delete from users where id=?
Hibernate: delete from users where id=?
Hibernate: delete from users where id=?
Hibernate: insert into users (email, password) values (?, ?)
Hibernate: insert into refresh_token (refresh_token, user_id) values (?, ?)
Hibernate: select r1_0.id,r1_0.refresh_token,r1_0.user_id from refresh_token r1_0 where r1_0.refresh_token=?
Hibernate: select u1_0.id,u1_0.email,u1_0.password from users u1_0 where u1_0.id=?
]]></system-out>
  <system-err><![CDATA[]]></system-err>
</testsuite>
